[2025-08-20 12:23:56] [INFO] Запуск генерации конфигурации
[2025-08-20 12:23:56] [INFO] Профиль: professional
[2025-08-20 12:23:56] [SUCCESS] foobar2000 найден: /Applications/foobar2000.app
[2025-08-20 12:23:56] [INFO] Конфигурационная папка не найдена (первая установка)
[2025-08-20 12:23:56] [INFO] Создание основной конфигурации для профиля: professional
[2025-08-20 12:24:23] [INFO] Запуск генерации конфигурации
[2025-08-20 12:24:23] [INFO] Профиль: professional
[2025-08-20 12:24:23] [SUCCESS] foobar2000 найден: /Applications/foobar2000.app
[2025-08-20 12:24:23] [INFO] Конфигурационная папка не найдена (первая установка)
[2025-08-20 12:24:23] [INFO] Создание основной конфигурации для профиля: professional
[2025-08-20 12:24:23] [SUCCESS] Основная конфигурация создана
[2025-08-20 12:24:23] [INFO] Создание пресетов кодировщиков
[2025-08-20 12:24:23] [SUCCESS] Пресеты кодировщиков созданы
[2025-08-20 12:24:23] [INFO] Создание скриптов для тегирования
[2025-08-20 12:24:23] [SUCCESS] Скрипты для тегирования созданы
[2025-08-20 12:24:23] [INFO] Создание конфигурации интеграции с macOS
[2025-08-20 12:24:23] [SUCCESS] Конфигурация интеграции создана
[2025-08-20 12:24:23] [INFO] Создание автоматизированных скриптов
[2025-08-20 12:24:23] [SUCCESS] Автоматизированные скрипты созданы
[2025-08-20 12:24:23] [INFO] Применение конфигурации профиля: professional
[2025-08-20 12:24:23] [SUCCESS] Конфигурация применена успешно
